mode: set
assignment/Day_8/taskAPI/taskAPI.go:26.26,31.2 1 1
assignment/Day_8/taskAPI/taskAPI.go:33.34,40.2 4 0
assignment/Day_8/taskAPI/taskAPI.go:42.59,44.2 1 0
assignment/Day_8/taskAPI/taskAPI.go:46.66,54.16 4 0
assignment/Day_8/taskAPI/taskAPI.go:54.16,57.3 2 0
assignment/Day_8/taskAPI/taskAPI.go:59.2,61.16 2 0
assignment/Day_8/taskAPI/taskAPI.go:61.16,64.3 2 0
assignment/Day_8/taskAPI/taskAPI.go:66.2,66.31 1 0
assignment/Day_8/taskAPI/taskAPI.go:66.31,69.3 2 0
assignment/Day_8/taskAPI/taskAPI.go:71.2,82.16 6 0
assignment/Day_8/taskAPI/taskAPI.go:82.16,85.3 2 0
assignment/Day_8/taskAPI/taskAPI.go:87.2,90.49 3 0
assignment/Day_8/taskAPI/taskAPI.go:90.49,92.3 1 0
assignment/Day_8/taskAPI/taskAPI.go:96.66,98.16 2 0
assignment/Day_8/taskAPI/taskAPI.go:98.16,101.3 2 0
assignment/Day_8/taskAPI/taskAPI.go:103.2,107.9 4 0
assignment/Day_8/taskAPI/taskAPI.go:107.9,110.3 2 0
assignment/Day_8/taskAPI/taskAPI.go:112.2,113.16 2 0
assignment/Day_8/taskAPI/taskAPI.go:113.16,116.3 2 0
assignment/Day_8/taskAPI/taskAPI.go:118.2,121.49 3 0
assignment/Day_8/taskAPI/taskAPI.go:121.49,123.3 1 0
assignment/Day_8/taskAPI/taskAPI.go:126.68,130.34 3 1
assignment/Day_8/taskAPI/taskAPI.go:130.34,132.3 1 1
assignment/Day_8/taskAPI/taskAPI.go:133.2,136.16 3 1
assignment/Day_8/taskAPI/taskAPI.go:136.16,139.3 2 0
assignment/Day_8/taskAPI/taskAPI.go:141.2,144.49 3 1
assignment/Day_8/taskAPI/taskAPI.go:144.49,146.3 1 0
assignment/Day_8/taskAPI/taskAPI.go:149.71,151.16 2 0
assignment/Day_8/taskAPI/taskAPI.go:151.16,154.3 2 0
assignment/Day_8/taskAPI/taskAPI.go:156.2,159.9 3 0
assignment/Day_8/taskAPI/taskAPI.go:159.9,164.3 3 0
assignment/Day_8/taskAPI/taskAPI.go:166.2,170.16 4 0
assignment/Day_8/taskAPI/taskAPI.go:170.16,173.3 2 0
assignment/Day_8/taskAPI/taskAPI.go:175.2,178.49 3 0
assignment/Day_8/taskAPI/taskAPI.go:178.49,180.3 1 0
assignment/Day_8/taskAPI/taskAPI.go:183.69,185.16 2 0
assignment/Day_8/taskAPI/taskAPI.go:185.16,188.3 2 0
assignment/Day_8/taskAPI/taskAPI.go:190.2,193.9 3 0
assignment/Day_8/taskAPI/taskAPI.go:193.9,198.3 3 0
assignment/Day_8/taskAPI/taskAPI.go:200.2,203.37 3 0
assignment/Day_8/taskAPI/taskAPI.go:206.13,234.2 16 0
